<?xml version="1.0" encoding="UTF-8"?>
<!-- Generated by org.testng.reporters.JUnitReportReporter -->
<testsuite hostname="Ushas-MacBook-Air.local" failures="0" tests="4" name="api.test.DDTests" time="1.723" errors="0" timestamp="2025-03-11T21:14:43 PDT" skipped="0">
  <testcase classname="api.test.DDTests" name="testPostUser" time="0.431"/>
  <testcase classname="api.test.DDTests" name="testPostUser" time="0.421"/>
  <testcase classname="api.test.DDTests" name="testGetUer" time="0.435"/>
  <testcase classname="api.test.DDTests" name="testGetUer" time="0.436"/>
</testsuite> <!-- api.test.DDTests -->
